<?xml version="1.0" encoding="UTF-8"?>
<testsuite xmlns:xsi="http://www.w3.org/2001/XMLSchema-instance" xsi:noNamespaceSchemaLocation="https://maven.apache.org/surefire/maven-surefire-plugin/xsd/surefire-test-report-3.0.xsd" version="3.0" name="TestSuite" time="265.791" tests="8" errors="0" skipped="0" failures="0">
  <properties>
[...]
</properties>
  <testcase name="CP001_Login_Fallido" classname="tests.CP001_Login_Fallido" time="7.708">
    <system-out><![CDATA[[TestNGContentHandler] [WARN] It is strongly recommended to add "<!DOCTYPE suite SYSTEM "http://testng.org/testng-1.0.dtd" >" at the top of your file, otherwise TestNG may fail or not work as expected.
]]></system-out>
    <system-err><![CDATA[Starting ChromeDriver 102.0.5005.61 (0e59bcc00cc4985ce39ad31c150065f159d95ad3-refs/branch-heads/5005@{#819}) on port 30274
Only local connections are allowed.
Please see https://chromedriver.chromium.org/security-considerations for suggestions on keeping ChromeDriver safe.
ChromeDriver was started successfully.
[1658443607.571][WARNING]: This version of ChromeDriver has not been tested with Chrome version 103.
jul. 21, 2022 6:46:47 P. M. org.openqa.selenium.remote.ProtocolHandshake createSession
INFORMACIÓN: Detected dialect: W3C
Starting ChromeDriver 102.0.5005.61 (0e59bcc00cc4985ce39ad31c150065f159d95ad3-refs/branch-heads/5005@{#819}) on port 23307
Only local connections are allowed.
Please see https://chromedriver.chromium.org/security-considerations for suggestions on keeping ChromeDriver safe.
ChromeDriver was started successfully.
[1658443609.627][WARNING]: This version of ChromeDriver has not been tested with Chrome version 103.
jul. 21, 2022 6:46:49 P. M. org.openqa.selenium.remote.ProtocolHandshake createSession
INFORMACIÓN: Detected dialect: W3C
Starting ChromeDriver 102.0.5005.61 (0e59bcc00cc4985ce39ad31c150065f159d95ad3-refs/branch-heads/5005@{#819}) on port 37477
Only local connections are allowed.
Please see https://chromedriver.chromium.org/security-considerations for suggestions on keeping ChromeDriver safe.
ChromeDriver was started successfully.
[1658443611.525][WARNING]: This version of ChromeDriver has not been tested with Chrome version 103.
jul. 21, 2022 6:46:51 P. M. org.openqa.selenium.remote.ProtocolHandshake createSession
INFORMACIÓN: Detected dialect: W3C
Starting ChromeDriver 102.0.5005.61 (0e59bcc00cc4985ce39ad31c150065f159d95ad3-refs/branch-heads/5005@{#819}) on port 5380
Only local connections are allowed.
Please see https://chromedriver.chromium.org/security-considerations for suggestions on keeping ChromeDriver safe.
ChromeDriver was started successfully.
[1658443613.638][WARNING]: This version of ChromeDriver has not been tested with Chrome version 103.
jul. 21, 2022 6:46:53 P. M. org.openqa.selenium.remote.ProtocolHandshake createSession
INFORMACIÓN: Detected dialect: W3C
Starting ChromeDriver 102.0.5005.61 (0e59bcc00cc4985ce39ad31c150065f159d95ad3-refs/branch-heads/5005@{#819}) on port 43536
Only local connections are allowed.
Please see https://chromedriver.chromium.org/security-considerations for suggestions on keeping ChromeDriver safe.
ChromeDriver was started successfully.
[1658443615.908][WARNING]: This version of ChromeDriver has not been tested with Chrome version 103.
jul. 21, 2022 6:46:56 P. M. org.openqa.selenium.remote.ProtocolHandshake createSession
INFORMACIÓN: Detected dialect: W3C
Starting ChromeDriver 102.0.5005.61 (0e59bcc00cc4985ce39ad31c150065f159d95ad3-refs/branch-heads/5005@{#819}) on port 36462
Only local connections are allowed.
Please see https://chromedriver.chromium.org/security-considerations for suggestions on keeping ChromeDriver safe.
ChromeDriver was started successfully.
[1658443618.440][WARNING]: This version of ChromeDriver has not been tested with Chrome version 103.
jul. 21, 2022 6:46:58 P. M. org.openqa.selenium.remote.ProtocolHandshake createSession
INFORMACIÓN: Detected dialect: W3C
Starting ChromeDriver 102.0.5005.61 (0e59bcc00cc4985ce39ad31c150065f159d95ad3-refs/branch-heads/5005@{#819}) on port 33836
Only local connections are allowed.
Please see https://chromedriver.chromium.org/security-considerations for suggestions on keeping ChromeDriver safe.
ChromeDriver was started successfully.
[1658443620.981][WARNING]: This version of ChromeDriver has not been tested with Chrome version 103.
jul. 21, 2022 6:47:02 P. M. org.openqa.selenium.remote.ProtocolHandshake createSession
INFORMACIÓN: Detected dialect: W3C
Starting ChromeDriver 102.0.5005.61 (0e59bcc00cc4985ce39ad31c150065f159d95ad3-refs/branch-heads/5005@{#819}) on port 4520
Only local connections are allowed.
Please see https://chromedriver.chromium.org/security-considerations for suggestions on keeping ChromeDriver safe.
ChromeDriver was started successfully.
[1658443625.603][WARNING]: This version of ChromeDriver has not been tested with Chrome version 103.
jul. 21, 2022 6:47:06 P. M. org.openqa.selenium.remote.ProtocolHandshake createSession
INFORMACIÓN: Detected dialect: W3C
]]></system-err>
  </testcase>
  <testcase name="CP002_Login_CorreoErroneo" classname="tests.CP002_Login_CorreoErroneo" time="8.923"/>
  <testcase name="CP003_Login_Correcto" classname="tests.CP003_Login_Correcto" time="7.96">
    <system-out><![CDATA[No se encuentra el elemento indicado por el locator: By.xpath: //body[1]/div[4]/div[1]/div[2]/div[1]/header[1]/button[2]/figure[1]/div[1]/img[1]
]]></system-out>
  </testcase>
  <testcase name="CP004_Registrarte" classname="tests.CP004_Registrarte" time="26.432"/>
  <testcase name="CP005_CorreoErroneo" classname="tests.CP005_Correo_Erroneo" time="26.38"/>
  <testcase name="CP006_Correo_Correcto" classname="tests.CP006_Correo_Correcto" time="26.049"/>
  <testcase name="CP007_Confirmar_Correo_Correcto" classname="tests.CP007_Confirmar_Correo_Correcto" time="26.422"/>
  <testcase name="CP008_Confirmar_Correo_Incorrecto" classname="tests.CP008_Confirmar_Correo_Incorrecto" time="37.309"/>
</testsuite>