<?xml version="1.0" encoding="UTF-8"?>
<!-- Generated by org.testng.reporters.JUnitXMLReporter -->
<testsuite ignored="0" hostname="nbex14x6F" failures="0" tests="8" name="Casos de prueba Spotify" time="264.891" errors="0" timestamp="21 jul. 2022 22:51:10 GMT">
  <testcase classname="tests.CP001_Login_Fallido" name="CP001_Login_Fallido" time="7.711"/>
  <testcase classname="tests.CP002_Login_CorreoErroneo" name="CP002_Login_CorreoErroneo" time="8.923"/>
  <testcase classname="tests.CP003_Login_Correcto" name="CP003_Login_Correcto" time="7.958"/>
  <testcase classname="tests.CP004_Registrarte" name="CP004_Registrarte" time="26.429"/>
  <testcase classname="tests.CP005_Correo_Erroneo" name="CP005_CorreoErroneo" time="26.379"/>
  <testcase classname="tests.CP006_Correo_Correcto" name="CP006_Correo_Correcto" time="26.048"/>
  <testcase classname="tests.CP007_Confirmar_Correo_Correcto" name="CP007_Confirmar_Correo_Correcto" time="26.421"/>
  <testcase classname="tests.CP008_Confirmar_Correo_Incorrecto" name="CP008_Confirmar_Correo_Incorrecto" time="37.309"/>
</testsuite> <!-- Casos de prueba Spotify -->
